{"/Users/lincoln.irano/Documents/Studies/rocketseat/node/first-node-api/src/app.ts": {"path":"/Users/lincoln.irano/Documents/Studies/rocketseat/node/first-node-api/src/app.ts","statementMap":{"0":{"start":{"line":12,"column":6},"end":{"line":22,"column":null}},"1":{"start":{"line":24,"column":0},"end":{"line":41,"column":null}},"2":{"start":{"line":25,"column":2},"end":{"line":33,"column":null}},"3":{"start":{"line":35,"column":2},"end":{"line":40,"column":null}},"4":{"start":{"line":43,"column":0},"end":{"line":43,"column":null}},"5":{"start":{"line":44,"column":0},"end":{"line":44,"column":null}},"6":{"start":{"line":46,"column":0},"end":{"line":46,"column":null}},"7":{"start":{"line":47,"column":0},"end":{"line":47,"column":null}},"8":{"start":{"line":48,"column":0},"end":{"line":48,"column":null}},"9":{"start":{"line":49,"column":0},"end":{"line":49,"column":null}},"10":{"start":{"line":50,"column":0},"end":{"line":50,"column":null}}},"fnMap":{},"branchMap":{"0":{"loc":{"start":{"line":24,"column":0},"end":{"line":41,"column":null}},"type":"if","locations":[{"start":{"line":24,"column":0},"end":{"line":41,"column":null}},{"start":{},"end":{}}],"line":24}},"s":{"0":3,"1":3,"2":0,"3":0,"4":3,"5":3,"6":3,"7":3,"8":3,"9":3,"10":3},"f":{},"b":{"0":[0,3]},"meta":{"lastBranch":1,"lastFunction":0,"lastStatement":11,"seen":{"s:12:6:22:Infinity":0,"b:24:0:41:Infinity:undefined:undefined:undefined:undefined":0,"s:24:0:41:Infinity":1,"s:25:2:33:Infinity":2,"s:35:2:40:Infinity":3,"s:43:0:43:Infinity":4,"s:44:0:44:Infinity":5,"s:46:0:46:Infinity":6,"s:47:0:47:Infinity":7,"s:48:0:48:Infinity":8,"s:49:0:49:Infinity":9,"s:50:0:50:Infinity":10}}}
,"/Users/lincoln.irano/Documents/Studies/rocketseat/node/first-node-api/src/database/client.ts": {"path":"/Users/lincoln.irano/Documents/Studies/rocketseat/node/first-node-api/src/database/client.ts","statementMap":{"0":{"start":{"line":3,"column":13},"end":{"line":5,"column":null}}},"fnMap":{},"branchMap":{},"s":{"0":3},"f":{},"b":{},"meta":{"lastBranch":0,"lastFunction":0,"lastStatement":1,"seen":{"s:3:13:5:Infinity":0}}}
,"/Users/lincoln.irano/Documents/Studies/rocketseat/node/first-node-api/src/database/schema.ts": {"path":"/Users/lincoln.irano/Documents/Studies/rocketseat/node/first-node-api/src/database/schema.ts","statementMap":{"0":{"start":{"line":4,"column":13},"end":{"line":8,"column":null}},"1":{"start":{"line":10,"column":13},"end":{"line":14,"column":null}},"2":{"start":{"line":16,"column":13},"end":{"line":27,"column":null}},"3":{"start":{"line":20,"column":22},"end":{"line":20,"column":30}},"4":{"start":{"line":23,"column":22},"end":{"line":23,"column":32}},"5":{"start":{"line":25,"column":12},"end":{"line":27,"column":1}}},"fnMap":{"0":{"name":"(anonymous_0)","decl":{"start":{"line":20,"column":16},"end":{"line":20,"column":22}},"loc":{"start":{"line":20,"column":22},"end":{"line":20,"column":30}},"line":20},"1":{"name":"(anonymous_1)","decl":{"start":{"line":23,"column":16},"end":{"line":23,"column":22}},"loc":{"start":{"line":23,"column":22},"end":{"line":23,"column":32}},"line":23},"2":{"name":"(anonymous_2)","decl":{"start":{"line":25,"column":3},"end":{"line":25,"column":12}},"loc":{"start":{"line":25,"column":12},"end":{"line":27,"column":1}},"line":25}},"branchMap":{},"s":{"0":3,"1":3,"2":3,"3":0,"4":0,"5":0},"f":{"0":0,"1":0,"2":0},"b":{},"meta":{"lastBranch":0,"lastFunction":3,"lastStatement":6,"seen":{"s:4:13:8:Infinity":0,"s:10:13:14:Infinity":1,"s:16:13:27:Infinity":2,"f:20:16:20:22":0,"s:20:22:20:30":3,"f:23:16:23:22":1,"s:23:22:23:32":4,"f:25:3:25:12":2,"s:25:12:27:1":5}}}
,"/Users/lincoln.irano/Documents/Studies/rocketseat/node/first-node-api/src/routes/create-course.ts": {"path":"/Users/lincoln.irano/Documents/Studies/rocketseat/node/first-node-api/src/routes/create-course.ts","statementMap":{"0":{"start":{"line":6,"column":52},"end":{"line":39,"column":null}},"1":{"start":{"line":7,"column":2},"end":{"line":38,"column":null}},"2":{"start":{"line":25,"column":26},"end":{"line":25,"column":null}},"3":{"start":{"line":26,"column":32},"end":{"line":26,"column":null}},"4":{"start":{"line":28,"column":21},"end":{"line":34,"column":null}},"5":{"start":{"line":36,"column":6},"end":{"line":36,"column":null}}},"fnMap":{"0":{"name":"(anonymous_0)","decl":{"start":{"line":6,"column":52},"end":{"line":6,"column":59}},"loc":{"start":{"line":6,"column":70},"end":{"line":39,"column":null}},"line":6},"1":{"name":"(anonymous_1)","decl":{"start":{"line":24,"column":4},"end":{"line":24,"column":11}},"loc":{"start":{"line":24,"column":30},"end":{"line":37,"column":null}},"line":24}},"branchMap":{},"s":{"0":3,"1":3,"2":1,"3":1,"4":1,"5":1},"f":{"0":3,"1":1},"b":{},"meta":{"lastBranch":0,"lastFunction":2,"lastStatement":6,"seen":{"s:6:52:39:Infinity":0,"f:6:52:6:59":0,"s:7:2:38:Infinity":1,"f:24:4:24:11":1,"s:25:26:25:Infinity":2,"s:26:32:26:Infinity":3,"s:28:21:34:Infinity":4,"s:36:6:36:Infinity":5}}}
,"/Users/lincoln.irano/Documents/Studies/rocketseat/node/first-node-api/src/routes/delete-course.ts": {"path":"/Users/lincoln.irano/Documents/Studies/rocketseat/node/first-node-api/src/routes/delete-course.ts","statementMap":{"0":{"start":{"line":7,"column":51},"end":{"line":38,"column":null}},"1":{"start":{"line":8,"column":2},"end":{"line":37,"column":null}},"2":{"start":{"line":24,"column":23},"end":{"line":24,"column":null}},"3":{"start":{"line":26,"column":21},"end":{"line":29,"column":null}},"4":{"start":{"line":31,"column":6},"end":{"line":33,"column":null}},"5":{"start":{"line":32,"column":8},"end":{"line":32,"column":null}},"6":{"start":{"line":35,"column":6},"end":{"line":35,"column":null}}},"fnMap":{"0":{"name":"(anonymous_0)","decl":{"start":{"line":7,"column":51},"end":{"line":7,"column":58}},"loc":{"start":{"line":7,"column":69},"end":{"line":38,"column":null}},"line":7},"1":{"name":"(anonymous_1)","decl":{"start":{"line":23,"column":4},"end":{"line":23,"column":11}},"loc":{"start":{"line":23,"column":30},"end":{"line":36,"column":null}},"line":23}},"branchMap":{"0":{"loc":{"start":{"line":31,"column":6},"end":{"line":33,"column":null}},"type":"if","locations":[{"start":{"line":31,"column":6},"end":{"line":33,"column":null}},{"start":{},"end":{}}],"line":31}},"s":{"0":3,"1":3,"2":0,"3":0,"4":0,"5":0,"6":0},"f":{"0":3,"1":0},"b":{"0":[0,0]},"meta":{"lastBranch":1,"lastFunction":2,"lastStatement":7,"seen":{"s:7:51:38:Infinity":0,"f:7:51:7:58":0,"s:8:2:37:Infinity":1,"f:23:4:23:11":1,"s:24:23:24:Infinity":2,"s:26:21:29:Infinity":3,"b:31:6:33:Infinity:undefined:undefined:undefined:undefined":0,"s:31:6:33:Infinity":4,"s:32:8:32:Infinity":5,"s:35:6:35:Infinity":6}}}
,"/Users/lincoln.irano/Documents/Studies/rocketseat/node/first-node-api/src/routes/get-course-by-id.ts": {"path":"/Users/lincoln.irano/Documents/Studies/rocketseat/node/first-node-api/src/routes/get-course-by-id.ts","statementMap":{"0":{"start":{"line":7,"column":53},"end":{"line":44,"column":null}},"1":{"start":{"line":8,"column":2},"end":{"line":43,"column":null}},"2":{"start":{"line":30,"column":23},"end":{"line":30,"column":null}},"3":{"start":{"line":32,"column":21},"end":{"line":35,"column":null}},"4":{"start":{"line":37,"column":6},"end":{"line":39,"column":null}},"5":{"start":{"line":38,"column":8},"end":{"line":38,"column":null}},"6":{"start":{"line":41,"column":6},"end":{"line":41,"column":null}}},"fnMap":{"0":{"name":"(anonymous_0)","decl":{"start":{"line":7,"column":53},"end":{"line":7,"column":60}},"loc":{"start":{"line":7,"column":71},"end":{"line":44,"column":null}},"line":7},"1":{"name":"(anonymous_1)","decl":{"start":{"line":29,"column":4},"end":{"line":29,"column":11}},"loc":{"start":{"line":29,"column":30},"end":{"line":42,"column":null}},"line":29}},"branchMap":{"0":{"loc":{"start":{"line":37,"column":6},"end":{"line":39,"column":null}},"type":"if","locations":[{"start":{"line":37,"column":6},"end":{"line":39,"column":null}},{"start":{},"end":{}}],"line":37}},"s":{"0":3,"1":3,"2":2,"3":2,"4":2,"5":1,"6":1},"f":{"0":3,"1":2},"b":{"0":[1,1]},"meta":{"lastBranch":1,"lastFunction":2,"lastStatement":7,"seen":{"s:7:53:44:Infinity":0,"f:7:53:7:60":0,"s:8:2:43:Infinity":1,"f:29:4:29:11":1,"s:30:23:30:Infinity":2,"s:32:21:35:Infinity":3,"b:37:6:39:Infinity:undefined:undefined:undefined:undefined":0,"s:37:6:39:Infinity":4,"s:38:8:38:Infinity":5,"s:41:6:41:Infinity":6}}}
,"/Users/lincoln.irano/Documents/Studies/rocketseat/node/first-node-api/src/routes/get-courses.ts": {"path":"/Users/lincoln.irano/Documents/Studies/rocketseat/node/first-node-api/src/routes/get-courses.ts","statementMap":{"0":{"start":{"line":7,"column":49},"end":{"line":63,"column":null}},"1":{"start":{"line":8,"column":2},"end":{"line":62,"column":null}},"2":{"start":{"line":34,"column":40},"end":{"line":34,"column":null}},"3":{"start":{"line":35,"column":20},"end":{"line":35,"column":null}},"4":{"start":{"line":37,"column":32},"end":{"line":37,"column":null}},"5":{"start":{"line":39,"column":6},"end":{"line":41,"column":null}},"6":{"start":{"line":40,"column":8},"end":{"line":40,"column":null}},"7":{"start":{"line":43,"column":30},"end":{"line":58,"column":null}},"8":{"start":{"line":60,"column":6},"end":{"line":60,"column":null}}},"fnMap":{"0":{"name":"(anonymous_0)","decl":{"start":{"line":7,"column":49},"end":{"line":7,"column":56}},"loc":{"start":{"line":7,"column":67},"end":{"line":63,"column":null}},"line":7},"1":{"name":"(anonymous_1)","decl":{"start":{"line":33,"column":4},"end":{"line":33,"column":11}},"loc":{"start":{"line":33,"column":30},"end":{"line":61,"column":null}},"line":33}},"branchMap":{"0":{"loc":{"start":{"line":39,"column":6},"end":{"line":41,"column":null}},"type":"if","locations":[{"start":{"line":39,"column":6},"end":{"line":41,"column":null}},{"start":{},"end":{}}],"line":39}},"s":{"0":3,"1":3,"2":1,"3":1,"4":1,"5":1,"6":1,"7":1,"8":1},"f":{"0":3,"1":1},"b":{"0":[1,0]},"meta":{"lastBranch":1,"lastFunction":2,"lastStatement":9,"seen":{"s:7:49:63:Infinity":0,"f:7:49:7:56":0,"s:8:2:62:Infinity":1,"f:33:4:33:11":1,"s:34:40:34:Infinity":2,"s:35:20:35:Infinity":3,"s:37:32:37:Infinity":4,"b:39:6:41:Infinity:undefined:undefined:undefined:undefined":0,"s:39:6:41:Infinity":5,"s:40:8:40:Infinity":6,"s:43:30:58:Infinity":7,"s:60:6:60:Infinity":8}}}
,"/Users/lincoln.irano/Documents/Studies/rocketseat/node/first-node-api/src/routes/index.ts": {"path":"/Users/lincoln.irano/Documents/Studies/rocketseat/node/first-node-api/src/routes/index.ts","statementMap":{"0":{"start":{"line":7,"column":21},"end":{"line":13,"column":null}}},"fnMap":{},"branchMap":{},"s":{"0":3},"f":{},"b":{},"meta":{"lastBranch":0,"lastFunction":0,"lastStatement":1,"seen":{"s:7:21:13:Infinity":0}}}
,"/Users/lincoln.irano/Documents/Studies/rocketseat/node/first-node-api/src/routes/update-course.ts": {"path":"/Users/lincoln.irano/Documents/Studies/rocketseat/node/first-node-api/src/routes/update-course.ts","statementMap":{"0":{"start":{"line":7,"column":51},"end":{"line":47,"column":null}},"1":{"start":{"line":8,"column":2},"end":{"line":46,"column":null}},"2":{"start":{"line":28,"column":23},"end":{"line":28,"column":null}},"3":{"start":{"line":29,"column":26},"end":{"line":29,"column":null}},"4":{"start":{"line":30,"column":32},"end":{"line":30,"column":null}},"5":{"start":{"line":32,"column":21},"end":{"line":38,"column":null}},"6":{"start":{"line":40,"column":6},"end":{"line":42,"column":null}},"7":{"start":{"line":41,"column":8},"end":{"line":41,"column":null}},"8":{"start":{"line":44,"column":6},"end":{"line":44,"column":null}}},"fnMap":{"0":{"name":"(anonymous_0)","decl":{"start":{"line":7,"column":51},"end":{"line":7,"column":58}},"loc":{"start":{"line":7,"column":69},"end":{"line":47,"column":null}},"line":7},"1":{"name":"(anonymous_1)","decl":{"start":{"line":27,"column":4},"end":{"line":27,"column":11}},"loc":{"start":{"line":27,"column":30},"end":{"line":45,"column":null}},"line":27}},"branchMap":{"0":{"loc":{"start":{"line":40,"column":6},"end":{"line":42,"column":null}},"type":"if","locations":[{"start":{"line":40,"column":6},"end":{"line":42,"column":null}},{"start":{},"end":{}}],"line":40}},"s":{"0":3,"1":3,"2":0,"3":0,"4":0,"5":0,"6":0,"7":0,"8":0},"f":{"0":3,"1":0},"b":{"0":[0,0]},"meta":{"lastBranch":1,"lastFunction":2,"lastStatement":9,"seen":{"s:7:51:47:Infinity":0,"f:7:51:7:58":0,"s:8:2:46:Infinity":1,"f:27:4:27:11":1,"s:28:23:28:Infinity":2,"s:29:26:29:Infinity":3,"s:30:32:30:Infinity":4,"s:32:21:38:Infinity":5,"b:40:6:42:Infinity:undefined:undefined:undefined:undefined":0,"s:40:6:42:Infinity":6,"s:41:8:41:Infinity":7,"s:44:6:44:Infinity":8}}}
,"/Users/lincoln.irano/Documents/Studies/rocketseat/node/first-node-api/src/tests/factories/make-course.ts": {"path":"/Users/lincoln.irano/Documents/Studies/rocketseat/node/first-node-api/src/tests/factories/make-course.ts","statementMap":{"0":{"start":{"line":6,"column":17},"end":{"line":11,"column":null}},"1":{"start":{"line":13,"column":2},"end":{"line":13,"column":null}}},"fnMap":{"0":{"name":"makeCourse","decl":{"start":{"line":5,"column":22},"end":{"line":5,"column":33}},"loc":{"start":{"line":5,"column":49},"end":{"line":14,"column":null}},"line":5}},"branchMap":{"0":{"loc":{"start":{"line":9,"column":13},"end":{"line":9,"column":null}},"type":"binary-expr","locations":[{"start":{"line":9,"column":13},"end":{"line":9,"column":22}},{"start":{"line":9,"column":22},"end":{"line":9,"column":null}}],"line":9}},"s":{"0":2,"1":2},"f":{"0":2},"b":{"0":[2,1]},"meta":{"lastBranch":1,"lastFunction":1,"lastStatement":2,"seen":{"f:5:22:5:33":0,"s:6:17:11:Infinity":0,"b:9:13:9:22:9:22:9:Infinity":0,"s:13:2:13:Infinity":1}}}
}
